proguard/mapping.txt
com.mitv.APIClient -> com.mitv.APIClient:
    int POOL_EXECUTOR_DEFAULT_CORE_POOL_SIZE -> POOL_EXECUTOR_DEFAULT_CORE_POOL_SIZE
    int POOL_EXECUTOR_DEFAULT_MAXIMUM_POOL_SIZE -> POOL_EXECUTOR_DEFAULT_MAXIMUM_POOL_SIZE
    long POLL_EXECUTOR_DEFAULT_KEEP_ALIVE_TIME -> POLL_EXECUTOR_DEFAULT_KEEP_ALIVE_TIME
    com.mitv.asynctasks.mitvapi.GetTVSearchResults lastSearchTask -> lastSearchTask
    com.mitv.interfaces.ContentCallbackListener contentCallbackListener -> contentCallbackListener
    com.mitv.asynctasks.CustomThreadedPoolExecutor tvGuideInitialCallPoolExecutor -> tvGuideInitialCallPoolExecutor
    com.mitv.asynctasks.CustomThreadedPoolExecutor competitionsInitialCallPoolExecutor -> competitionsInitialCallPoolExecutor
    com.mitv.asynctasks.CustomThreadedPoolExecutor multipleStandingsCallPoolExecutor -> multipleStandingsCallPoolExecutor
    101:118:void resetTVGuideInitialCallPoolExecutor() -> resetTVGuideInitialCallPoolExecutor
    124:141:void resetCompetitionsInitialCallPoolExecutor() -> resetCompetitionsInitialCallPoolExecutor
    147:164:void resetMultipleStandingsCallPoolExecutor() -> resetMultipleStandingsCallPoolExecutor
    172:187:void getMultipleStandingsOnCallPoolExecutor(com.mitv.interfaces.ViewCallbackListener,java.util.List) -> getMultipleStandingsOnCallPoolExecutor
    193:194:void cancelAllMultipleStandingsCallPendingRequests() -> cancelAllMultipleStandingsCallPendingRequests
com.mitv.BuildConfig -> com.mitv.BuildConfig:
    boolean DEBUG -> DEBUG
com.mitv.Constants -> com.mitv.Constants:
    java.lang.String HTTP_SCHEME -> HTTP_SCHEME
    java.lang.String HTTPS_SCHEME -> HTTPS_SCHEME
    java.lang.String FORWARD_SLASH -> FORWARD_SLASH
    java.lang.String BACKEND_TEST_ENVIRONMENT -> BACKEND_TEST_ENVIRONMENT
    java.lang.String BACKEND_PRODUCTION_ENVIRONMENT -> BACKEND_PRODUCTION_ENVIRONMENT
    java.lang.String FRONTEND_TEST_ENVIRONMENT -> FRONTEND_TEST_ENVIRONMENT
    java.lang.String FRONTEND_PRODUCTION_ENVIRONMENT -> FRONTEND_PRODUCTION_ENVIRONMENT
    java.lang.String HTTP_SCHEME_USED -> HTTP_SCHEME_USED
    java.lang.String BACKEND_ENVIRONMENT_USED -> BACKEND_ENVIRONMENT_USED
    java.lang.String FRONTEND_ENVIRONMENT_USED -> FRONTEND_ENVIRONMENT_USED
    java.lang.String SUPPORTED_API_VERSION -> SUPPORTED_API_VERSION
    java.lang.String APP_WAS_PREINSTALLED_FILE_NAME -> APP_WAS_PREINSTALLED_FILE_NAME
    boolean FORCE_SPANISH_LOCALE -> FORCE_SPANISH_LOCALE
    boolean IS_PREINSTALLED_VERSION -> IS_PREINSTALLED_VERSION
    java.lang.String CACHE_DATABASE_NAME -> CACHE_DATABASE_NAME
    int CACHE_DATABASE_VERSION -> CACHE_DATABASE_VERSION
    boolean FORCE_CACHE_DATABASE_FLUSH -> FORCE_CACHE_DATABASE_FLUSH
    boolean FORCE_DEFAULT_GOOGLE_TRACKING_ID -> FORCE_DEFAULT_GOOGLE_TRACKING_ID
    boolean USE_HOCKEY_APP_CRASH_REPORTS -> USE_HOCKEY_APP_CRASH_REPORTS
    boolean USE_HOCKEY_APP_UPDATE_NOTIFICATIONS -> USE_HOCKEY_APP_UPDATE_NOTIFICATIONS
    boolean ENABLE_STRICT_MODE -> ENABLE_STRICT_MODE
com.mitv.ListenerHolder -> com.mitv.ListenerHolder:
    com.mitv.interfaces.ViewCallbackListener listener -> listener
    18:18:com.mitv.interfaces.ViewCallbackListener getListener() -> getListener
    22:32:boolean isListenerAlive() -> isListenerAlive
    37:40:int hashCode() -> hashCode
    45:62:boolean equals(java.lang.Object) -> equals
com.mitv.R -> com.mitv.R:
com.mitv.R$anim -> com.mitv.R$anim:
    int abc_fade_in -> abc_fade_in
    int abc_fade_out -> abc_fade_out
    int abc_slide_in_bottom -> abc_slide_in_bottom
    int abc_slide_in_top -> abc_slide_in_top
    int abc_slide_out_bottom -> abc_slide_out_bottom
    int abc_slide_out_top -> abc_slide_out_top
    int push_left_in -> push_left_in
    int push_left_out -> push_left_out
    int push_right_in -> push_right_in
    int push_right_out -> push_right_out
    int slide_in -> slide_in
    int slide_out -> slide_out
...
com.google.android.gms.tagmanager.cz -> art:
    void a(android.content.SharedPreferences$Editor) -> a
    void a(android.content.Context,java.lang.String,java.lang.String,java.lang.String) -> a
com.google.android.gms.tagmanager.cz$1 -> aru:
    android.content.SharedPreferences$Editor Xr -> a
    void run() -> run
com.google.android.gms.tagmanager.d -> arv:
    android.content.Context kL -> a
    void v(java.util.Map) -> a
com.google.android.gms.tagmanager.da -> arw:
    java.util.Map Xs -> a
    int Xt -> b
    com.google.android.gms.tagmanager.l$a Xu -> c
    int Xv -> d
    void e(java.lang.Object,java.lang.Object) -> a
    java.lang.Object get(java.lang.Object) -> a
com.google.android.gms.tagmanager.db -> com.google.android.gms.tagmanager.db:
    java.lang.String Xw -> a
    org.apache.http.client.HttpClient Xx -> b
    android.content.Context Xf -> c
    com.google.android.gms.tagmanager.db$a Xy -> d
    boolean bA() -> a
    void e(java.util.List) -> a
    org.apache.http.HttpEntityEnclosingRequest a(java.net.URL) -> a
    void a(org.apache.http.HttpEntityEnclosingRequest) -> a
    java.lang.String a(java.lang.String,java.lang.String,java.lang.String,java.lang.String,java.lang.String,java.lang.String) -> a
    java.lang.String b(java.util.Locale) -> a
    java.net.URL d(com.google.android.gms.tagmanager.ap) -> a
com.google.android.gms.tagmanager.db$a -> com.google.android.gms.tagmanager.db$a:
    void a(com.google.android.gms.tagmanager.ap) -> a
    void b(com.google.android.gms.tagmanager.ap) -> b
    void c(com.google.android.gms.tagmanager.ap) -> c
com.google.android.gms.tagmanager.dc -> arx:
    java.lang.String ID -> a
    boolean a(java.lang.String,java.lang.String,java.util.Map) -> a
com.google.android.gms.tagmanager.dd -> ary:
    boolean a(com.google.android.gms.internal.d$a,com.google.android.gms.internal.d$a,java.util.Map) -> a
    boolean a(java.lang.String,java.lang.String,java.util.Map) -> a
com.google.android.gms.tagmanager.de -> arz:
    java.lang.String ID -> a
    boolean iy() -> a
    com.google.android.gms.internal.d$a u(java.util.Map) -> a
com.google.android.gms.tagmanager.df -> asa:
    com.google.android.gms.analytics.GoogleAnalytics XE -> a
    android.content.Context mContext -> b
    com.google.android.gms.analytics.Tracker re -> c
    com.google.android.gms.analytics.Tracker bF(java.lang.String) -> a
    void bG(java.lang.String) -> b
com.google.android.gms.tagmanager.df$a -> asb:
    void error(java.lang.String) -> error
    void error(java.lang.Exception) -> error
    void info(java.lang.String) -> info
    void verbose(java.lang.String) -> verbose
    void warn(java.lang.String) -> warn
    void setLogLevel(int) -> setLogLevel
    int getLogLevel() -> getLogLevel
    int bX(int) -> a
com.google.android.gms.tagmanager.dg -> asc:
    boolean iy() -> a
    com.google.android.gms.internal.d$a u(java.util.Map) -> a
    void w(java.util.Map) -> b
com.google.android.gms.tagmanager.dh -> asd:
    double XF -> a
    long XG -> b
    boolean XH -> c
    com.google.android.gms.tagmanager.dh a(java.lang.Double) -> a
    com.google.android.gms.tagmanager.dh v(long) -> a
    com.google.android.gms.tagmanager.dh bH(java.lang.String) -> a
    java.lang.String toString() -> toString
    boolean equals(java.lang.Object) -> equals
    int hashCode() -> hashCode
    int a(com.google.android.gms.tagmanager.dh) -> a
    boolean kj() -> a
    boolean kk() -> b
    double doubleValue() -> doubleValue
    float floatValue() -> floatValue
    long longValue() -> longValue
    long kl() -> c
    int intValue() -> intValue
    int km() -> d
    short shortValue() -> shortValue
    short kn() -> e
    byte byteValue() -> byteValue
    int compareTo(java.lang.Object) -> compareTo